[CCADBLog started]
[CCADB started]
02-Feb-2002 12:41:30
CreateDatabase: Version table created. 
CreateDatabase: Runinfo table created. 
CreateDatabase: EIPTrace table created. 
CreateDatabase: TBSData table created. 
CreateDatabase: Triggerpoints table created. 
CreateDatabase: Default data added. 

InitDBConnections:  Database Opened:
InitDBConnections:  All recordsets present and accounted for.
[CCADBLog started]
[CCADB started]
02-Feb-2002 12:41:33
CheckDBVersion: Database version 1.000300 is current version.

InitDBConnections:  Database Opened:
InitDBConnections:  All recordsets present and accounted for.

*** Run Information Record Added ***
	Executable Date = 02-Feb-2002 12:40:15
	Run Date = 02-Feb-2002 12:41:33
	Run Comment = 
	Run ID = 1
	Processor Type = 0
	Process ID = 3956

Total EIP Query Time In Database: 0 mSec

Total Cycle Query Time In Database: 0 mSec

Total Hotspot Query Time In Database: 0 mSec

02-Feb-2002 12:42:44
[CCADB stopped]


%%%%%%%%%%%%%%%%%%%%%%%%%%%%%%%%%%%%%%%%%%%%%%%%%%%%%%%%%%%%%%%%%%%%%%%%%%%%%%%%

[CCADBLog stopped]
CCADB::GetAltHSCountFromDatabase:  COM Exception

*** COMErrorEx: Exception thrown for classes generated by #import ***
	Code = 0x80040e21
	Code meaning = IDispatch error #3105
	Source = Microsoft JET Database Engine
	Source Description = Cannot use Memo, OLE, or Hyperlink Object field '' in the SELECT clause of a union query.

*** ADO ERROR CONDITION ***
	Number 80040e21
		Description  Cannot use Memo, OLE, or Hyperlink Object field '' in the SELECT clause of a union query.
		Source       Microsoft JET Database Engine
		HelpFile     (null)
		HelpContext = 5003169
		NativeError = -537070621
		SQLState     3364
CCADB::GetHSCountFromDatabase:  (0x80040218) One of the data was too large for the database field.	(Process ID=3956)
Total EIP Query Time In Database: 0 mSec

Total Cycle Query Time In Database: 0 mSec

Total Hotspot Query Time In Database: 751 mSec

02-Feb-2002 12:45:32
[CCADB stopped]


%%%%%%%%%%%%%%%%%%%%%%%%%%%%%%%%%%%%%%%%%%%%%%%%%%%%%%%%%%%%%%%%%%%%%%%%%%%%%%%%

[CCADBLog stopped]
